0 info it worked if it ends with ok
1 verbose cli [ '/usr/bin/nodejs', '/usr/bin/npm', 'start' ]
2 info using npm@3.10.8
3 info using node@v6.9.1
4 verbose run-script [ 'prestart', 'start', 'poststart' ]
5 info lifecycle reactjs@1.0.0~prestart: reactjs@1.0.0
6 silly lifecycle reactjs@1.0.0~prestart: no script for prestart, continuing
7 info lifecycle reactjs@1.0.0~start: reactjs@1.0.0
8 verbose lifecycle reactjs@1.0.0~start: unsafe-perm in lifecycle true
9 verbose lifecycle reactjs@1.0.0~start: PATH: /usr/lib/node_modules/npm/bin/node-gyp-bin:/home/dashing/Desktop/reactjs/node_modules/.bin:/usr/local/heroku/bin:/home/dashing/.rvm/gems/ruby-2.3.1/bin:/home/dashing/.rvm/gems/ruby-2.3.1@global/bin:/home/dashing/.rvm/rubies/ruby-2.3.1/bin:/usr/local/sbin:/usr/local/bin:/usr/sbin:/usr/bin:/sbin:/bin:/usr/games:/usr/local/games:/home/dashing/.rvm/bin:/home/dashing/.rvm/bin
10 verbose lifecycle reactjs@1.0.0~start: CWD: /home/dashing/Desktop/reactjs
11 silly lifecycle reactjs@1.0.0~start: Args: [ '-c', 'jsx --watch source/ build/' ]
12 silly lifecycle reactjs@1.0.0~start: Returned: code: 1  signal: null
13 info lifecycle reactjs@1.0.0~start: Failed to exec start script
14 verbose stack Error: reactjs@1.0.0 start: `jsx --watch source/ build/`
14 verbose stack Exit status 1
14 verbose stack     at EventEmitter.<anonymous> (/usr/lib/node_modules/npm/lib/utils/lifecycle.js:255:16)
14 verbose stack     at emitTwo (events.js:106:13)
14 verbose stack     at EventEmitter.emit (events.js:191:7)
14 verbose stack     at ChildProcess.<anonymous> (/usr/lib/node_modules/npm/lib/utils/spawn.js:40:14)
14 verbose stack     at emitTwo (events.js:106:13)
14 verbose stack     at ChildProcess.emit (events.js:191:7)
14 verbose stack     at maybeClose (internal/child_process.js:877:16)
14 verbose stack     at Process.ChildProcess._handle.onexit (internal/child_process.js:226:5)
15 verbose pkgid reactjs@1.0.0
16 verbose cwd /home/dashing/Desktop/reactjs
17 error Linux 3.13.0-100-generic
18 error argv "/usr/bin/nodejs" "/usr/bin/npm" "start"
19 error node v6.9.1
20 error npm  v3.10.8
21 error code ELIFECYCLE
22 error reactjs@1.0.0 start: `jsx --watch source/ build/`
22 error Exit status 1
23 error Failed at the reactjs@1.0.0 start script 'jsx --watch source/ build/'.
23 error Make sure you have the latest version of node.js and npm installed.
23 error If you do, this is most likely a problem with the reactjs package,
23 error not with npm itself.
23 error Tell the author that this fails on your system:
23 error     jsx --watch source/ build/
23 error You can get information on how to open an issue for this project with:
23 error     npm bugs reactjs
23 error Or if that isn't available, you can get their info via:
23 error     npm owner ls reactjs
23 error There is likely additional logging output above.
24 verbose exit [ 1, true ]
